#
# There is insufficient memory for the Java Runtime Environment to continue.
# Native memory allocation (malloc) failed to allocate 522896 bytes for Chunk::new
# Possible reasons:
#   The system is out of physical RAM or swap space
#   In 32 bit mode, the process size limit was hit
# Possible solutions:
#   Reduce memory load on the system
#   Increase physical memory or swap space
#   Check if swap backing store is full
#   Use 64 bit Java on a 64 bit OS
#   Decrease Java heap size (-Xmx/-Xms)
#   Decrease number of Java threads
#   Decrease Java thread stack sizes (-Xss)
#   Set larger code cache with -XX:ReservedCodeCacheSize=
# This output file may be truncated or incomplete.
#
#  Out of Memory Error (allocation.cpp:390), pid=19796, tid=0x0000000000005b50
#
# JRE version: Java(TM) SE Runtime Environment (8.0_131-b11) (build 1.8.0_131-b11)
# Java VM: Java HotSpot(TM) 64-Bit Server VM (25.131-b11 mixed mode windows-amd64 compressed oops)
# Failed to write core dump. Minidumps are not enabled by default on client versions of Windows
#

---------------  T H R E A D  ---------------

Current thread (0x0000000016fdb800):  JavaThread "C2 CompilerThread0" daemon [_thread_in_native, id=23376, stack(0x00000000188e0000,0x00000000189e0000)]

Stack: [0x00000000188e0000,0x00000000189e0000]
[error occurred during error reporting (printing stack bounds), id 0xc0000005]

Native frames: (J=compiled Java code, j=interpreted, Vv=VM code, C=native code)


Current CompileTask:
C2:   9942 6598   !   4       com.sun.beans.TypeResolver::resolve (274 bytes)


---------------  P R O C E S S  ---------------

Java Threads: ( => current thread )
  0x000000001d8f1000 JavaThread "Memory manager" [_thread_blocked, id=11156, stack(0x0000000021610000,0x0000000021710000)]
  0x0000000019fd0800 JavaThread "pool-1-thread-1" [_thread_blocked, id=22656, stack(0x0000000021310000,0x0000000021410000)]
  0x0000000019fcf000 JavaThread "Build operations Thread 4" [_thread_blocked, id=12392, stack(0x0000000021210000,0x0000000021310000)]
  0x0000000019fd1000 JavaThread "Build operations Thread 3" [_thread_blocked, id=10184, stack(0x0000000021110000,0x0000000021210000)]
  0x0000000019fcf800 JavaThread "Build operations Thread 2" [_thread_blocked, id=11732, stack(0x0000000021010000,0x0000000021110000)]
  0x0000000019fce000 JavaThread "Build operations" [_thread_blocked, id=22108, stack(0x0000000020f10000,0x0000000021010000)]
  0x0000000019fcd800 JavaThread "Cache worker for Artifact transforms cache (C:\Users\TY\.gradle\caches\transforms-1)" [_thread_blocked, id=2752, stack(0x000000001de40000,0x000000001df40000)]
  0x0000000019fd3800 JavaThread "Cache worker for file hash cache (H:\MisakaLove\.gradle\4.6\fileHashes)" [_thread_blocked, id=17648, stack(0x000000001dd40000,0x000000001de40000)]
  0x0000000019fd2800 JavaThread "File lock request listener" [_thread_in_native, id=17928, stack(0x000000001c8a0000,0x000000001c9a0000)]
  0x0000000019fd2000 JavaThread "Cache worker for file hash cache (C:\Users\TY\.gradle\caches\4.6\fileHashes)" [_thread_blocked, id=12768, stack(0x000000001c7a0000,0x000000001c8a0000)]
  0x0000000019b8b800 JavaThread "Stdin handler" [_thread_blocked, id=19408, stack(0x000000001b4d0000,0x000000001b5d0000)]
  0x0000000019bbb000 JavaThread "Asynchronous log dispatcher for DefaultDaemonConnection: socket connection from /127.0.0.1:56927 to /127.0.0.1:56928" [_thread_blocked, id=22652, stack(0x000000001b3d0000,0x000000001b4d0000)]
  0x0000000019b88000 JavaThread "Daemon worker" [_thread_in_vm, id=17280, stack(0x000000001b2d0000,0x000000001b3d0000)]
  0x0000000019ba5800 JavaThread "Cancel handler" [_thread_blocked, id=10512, stack(0x000000001b1d0000,0x000000001b2d0000)]
  0x0000000019c30800 JavaThread "Handler for socket connection from /127.0.0.1:56927 to /127.0.0.1:56928" [_thread_in_native, id=11728, stack(0x000000001aed0000,0x000000001afd0000)]
  0x0000000019c2e000 JavaThread "Daemon" [_thread_blocked, id=15784, stack(0x000000001add0000,0x000000001aed0000)]
  0x0000000019c42800 JavaThread "Daemon periodic checks" [_thread_blocked, id=20084, stack(0x000000001acd0000,0x000000001add0000)]
  0x0000000019c0f800 JavaThread "Incoming local TCP Connector on port 56927" [_thread_in_native, id=22892, stack(0x000000001a8b0000,0x000000001a9b0000)]
  0x0000000019ace000 JavaThread "Daemon health stats" [_thread_blocked, id=18940, stack(0x000000001a5b0000,0x000000001a6b0000)]
  0x000000001831d800 JavaThread "Service Thread" daemon [_thread_blocked, id=21496, stack(0x0000000018be0000,0x0000000018ce0000)]
  0x00000000182f0800 JavaThread "C1 CompilerThread2" daemon [_thread_blocked, id=22872, stack(0x0000000018ae0000,0x0000000018be0000)]
  0x0000000016fdd800 JavaThread "C2 CompilerThread1" daemon [_thread_in_native, id=16492, stack(0x00000000189e0000,0x0000000018ae0000)]
=>0x0000000016fdb800 JavaThread "C2 CompilerThread0" daemon [_thread_in_native, id=23376, stack(0x00000000188e0000,0x00000000189e0000)]
  0x0000000016fd8800 JavaThread "Attach Listener" daemon [_thread_blocked, id=23384, stack(0x00000000187e0000,0x00000000188e0000)]
  0x0000000016f8d000 JavaThread "Signal Dispatcher" daemon [_thread_blocked, id=11436, stack(0x00000000186e0000,0x00000000187e0000)]
  0x0000000016f68800 JavaThread "Finalizer" daemon [_thread_blocked, id=8364, stack(0x00000000181e0000,0x00000000182e0000)]
  0x0000000003601000 JavaThread "Reference Handler" daemon [_thread_blocked, id=16604, stack(0x00000000180e0000,0x00000000181e0000)]
  0x000000000186d800 JavaThread "main" [_thread_blocked, id=728, stack(0x0000000003050000,0x0000000003150000)]

Other Threads:
  0x0000000016f47800 VMThread [stack: 0x0000000017fe0000,0x00000000180e0000] [id=23188]
  0x00000000183cc000 WatcherThread [stack: 0x0000000018ce0000,0x0000000018de0000] [id=8560]

VM state:not at safepoint (normal execution)

VM Mutex/Monitor currently owned by a thread: None

Heap:
 PSYoungGen      total 108544K, used 31445K [0x00000000e0000000, 0x00000000e7780000, 0x0000000100000000)
  eden space 96768K, 32% used [0x00000000e0000000,0x00000000e1eb57e0,0x00000000e5e80000)
  from space 11776K, 0% used [0x00000000e6b80000,0x00000000e6b80000,0x00000000e7700000)
  to   space 12800K, 0% used [0x00000000e5e80000,0x00000000e5e80000,0x00000000e6b00000)
 ParOldGen       total 178688K, used 33820K [0x00000000a0000000, 0x00000000aae80000, 0x00000000e0000000)
  object space 178688K, 18% used [0x00000000a0000000,0x00000000a2107178,0x00000000aae80000)
 Metaspace       used 59201K, capacity 61142K, committed 61400K, reserved 1101824K
  class space    used 8110K, capacity 8637K, committed 8704K, reserved 1048576K

Card table byte_map: [0x00000000129d0000,0x0000000012ce0000] byte_map_base: 0x00000000124d0000

Marking Bits: (ParMarkBitMap*) 0x000000007150c720
 Begin Bits: [0x00000000132e0000, 0x0000000014ae0000)
 End Bits:   [0x0000000014ae0000, 0x00000000162e0000)

Polling page: 0x00000000017b0000

CodeCache: size=245760Kb used=21040Kb max_used=21040Kb free=224719Kb
 bounds [0x0000000003610000, 0x0000000004ab0000, 0x0000000012610000]
 total_blobs=6955 nmethods=6158 adapters=708
 compilation: enabled

Compilation events (10 events):
Event: 9.927 Thread 0x00000000182f0800 6640       1       org.gradle.api.internal.artifacts.transform.DefaultVariantTransformRegistry$RecordingRegistration::access$000 (5 bytes)
Event: 9.927 Thread 0x00000000182f0800 nmethod 6640 0x0000000004aa14d0 code [0x0000000004aa1620, 0x0000000004aa1710]
Event: 9.927 Thread 0x00000000182f0800 6642       3       org.gradle.internal.hash.HashCode::length (6 bytes)
Event: 9.927 Thread 0x00000000182f0800 nmethod 6642 0x0000000004aa1790 code [0x0000000004aa18e0, 0x0000000004aa1a30]
Event: 9.927 Thread 0x00000000182f0800 6643       1       com.android.builder.core.VariantTypeImpl::isDynamicFeature (5 bytes)
Event: 9.927 Thread 0x00000000182f0800 nmethod 6643 0x0000000004aa1ad0 code [0x0000000004aa1c20, 0x0000000004aa1d30]
Event: 9.928 Thread 0x00000000182f0800 6644       1       org.gradle.api.internal.plugins.DefaultConvention::access$600 (5 bytes)
Event: 9.928 Thread 0x00000000182f0800 nmethod 6644 0x0000000004aa1d90 code [0x0000000004aa1ee0, 0x0000000004aa1fd0]
Event: 9.929 Thread 0x00000000182f0800 6645   !   3       org.gradle.internal.event.DefaultListenerManager::getBroadcasterInternal (152 bytes)
Event: 9.930 Thread 0x00000000182f0800 nmethod 6645 0x0000000004aa2050 code [0x0000000004aa22c0, 0x0000000004aa32c8]

GC Heap History (10 events):
Event: 6.515 GC heap before
{Heap before GC invocations=9 (full 2):
 PSYoungGen      total 108544K, used 96768K [0x00000000e0000000, 0x00000000e7780000, 0x0000000100000000)
  eden space 96768K, 100% used [0x00000000e0000000,0x00000000e5e80000,0x00000000e5e80000)
  from space 11776K, 0% used [0x00000000e6b80000,0x00000000e6b80000,0x00000000e7700000)
  to   space 12800K, 0% used [0x00000000e5e80000,0x00000000e5e80000,0x00000000e6b00000)
 ParOldGen       total 178688K, used 18300K [0x00000000a0000000, 0x00000000aae80000, 0x00000000e0000000)
  object space 178688K, 10% used [0x00000000a0000000,0x00000000a11df320,0x00000000aae80000)
 Metaspace       used 41123K, capacity 42114K, committed 42496K, reserved 1085440K
  class space    used 5722K, capacity 6054K, committed 6144K, reserved 1048576K
Event: 6.526 GC heap after
Heap after GC invocations=9 (full 2):
 PSYoungGen      total 109568K, used 10160K [0x00000000e0000000, 0x00000000e7780000, 0x0000000100000000)
  eden space 96768K, 0% used [0x00000000e0000000,0x00000000e0000000,0x00000000e5e80000)
  from space 12800K, 79% used [0x00000000e5e80000,0x00000000e686c2f8,0x00000000e6b00000)
  to   space 11776K, 0% used [0x00000000e6b80000,0x00000000e6b80000,0x00000000e7700000)
 ParOldGen       total 178688K, used 18308K [0x00000000a0000000, 0x00000000aae80000, 0x00000000e0000000)
  object space 178688K, 10% used [0x00000000a0000000,0x00000000a11e1320,0x00000000aae80000)
 Metaspace       used 41123K, capacity 42114K, committed 42496K, reserved 1085440K
  class space    used 5722K, capacity 6054K, committed 6144K, reserved 1048576K
}
Event: 7.569 GC heap before
{Heap before GC invocations=10 (full 2):
 PSYoungGen      total 109568K, used 106928K [0x00000000e0000000, 0x00000000e7780000, 0x0000000100000000)
  eden space 96768K, 100% used [0x00000000e0000000,0x00000000e5e80000,0x00000000e5e80000)
  from space 12800K, 79% used [0x00000000e5e80000,0x00000000e686c2f8,0x00000000e6b00000)
  to   space 11776K, 0% used [0x00000000e6b80000,0x00000000e6b80000,0x00000000e7700000)
 ParOldGen       total 178688K, used 18308K [0x00000000a0000000, 0x00000000aae80000, 0x00000000e0000000)
  object space 178688K, 10% used [0x00000000a0000000,0x00000000a11e1320,0x00000000aae80000)
 Metaspace       used 49286K, capacity 50414K, committed 50688K, reserved 1093632K
  class space    used 6783K, capacity 7153K, committed 7168K, reserved 1048576K
Event: 7.583 GC heap after
Heap after GC invocations=10 (full 2):
 PSYoungGen      total 108544K, used 11749K [0x00000000e0000000, 0x00000000e7780000, 0x0000000100000000)
  eden space 96768K, 0% used [0x00000000e0000000,0x00000000e0000000,0x00000000e5e80000)
  from space 11776K, 99% used [0x00000000e6b80000,0x00000000e76f94c8,0x00000000e7700000)
  to   space 12800K, 0% used [0x00000000e5e80000,0x00000000e5e80000,0x00000000e6b00000)
 ParOldGen       total 178688K, used 22824K [0x00000000a0000000, 0x00000000aae80000, 0x00000000e0000000)
  object space 178688K, 12% used [0x00000000a0000000,0x00000000a164a050,0x00000000aae80000)
 Metaspace       used 49286K, capacity 50414K, committed 50688K, reserved 1093632K
  class space    used 6783K, capacity 7153K, committed 7168K, reserved 1048576K
}
Event: 8.798 GC heap before
{Heap before GC invocations=11 (full 2):
 PSYoungGen      total 108544K, used 108517K [0x00000000e0000000, 0x00000000e7780000, 0x0000000100000000)
  eden space 96768K, 100% used [0x00000000e0000000,0x00000000e5e80000,0x00000000e5e80000)
  from space 11776K, 99% used [0x00000000e6b80000,0x00000000e76f94c8,0x00000000e7700000)
  to   space 12800K, 0% used [0x00000000e5e80000,0x00000000e5e80000,0x00000000e6b00000)
 ParOldGen       total 178688K, used 22824K [0x00000000a0000000, 0x00000000aae80000, 0x00000000e0000000)
  object space 178688K, 12% used [0x00000000a0000000,0x00000000a164a050,0x00000000aae80000)
 Metaspace       used 53612K, capacity 55288K, committed 55552K, reserved 1097728K
  class space    used 7392K, capacity 7860K, committed 7936K, reserved 1048576K
Event: 8.809 GC heap after
Heap after GC invocations=11 (full 2):
 PSYoungGen      total 109568K, used 12797K [0x00000000e0000000, 0x00000000e7780000, 0x0000000100000000)
  eden space 96768K, 0% used [0x00000000e0000000,0x00000000e0000000,0x00000000e5e80000)
  from space 12800K, 99% used [0x00000000e5e80000,0x00000000e6aff500,0x00000000e6b00000)
  to   space 11776K, 0% used [0x00000000e6b80000,0x00000000e6b80000,0x00000000e7700000)
 ParOldGen       total 178688K, used 27718K [0x00000000a0000000, 0x00000000aae80000, 0x00000000e0000000)
  object space 178688K, 15% used [0x00000000a0000000,0x00000000a1b11938,0x00000000aae80000)
 Metaspace       used 53612K, capacity 55288K, committed 55552K, reserved 1097728K
  class space    used 7392K, capacity 7860K, committed 7936K, reserved 1048576K
}
Event: 9.304 GC heap before
{Heap before GC invocations=12 (full 2):
 PSYoungGen      total 109568K, used 57122K [0x00000000e0000000, 0x00000000e7780000, 0x0000000100000000)
  eden space 96768K, 45% used [0x00000000e0000000,0x00000000e2b49538,0x00000000e5e80000)
  from space 12800K, 99% used [0x00000000e5e80000,0x00000000e6aff500,0x00000000e6b00000)
  to   space 11776K, 0% used [0x00000000e6b80000,0x00000000e6b80000,0x00000000e7700000)
 ParOldGen       total 178688K, used 27718K [0x00000000a0000000, 0x00000000aae80000, 0x00000000e0000000)
  object space 178688K, 15% used [0x00000000a0000000,0x00000000a1b11938,0x00000000aae80000)
 Metaspace       used 57202K, capacity 59014K, committed 59096K, reserved 1099776K
  class space    used 7907K, capacity 8403K, committed 8448K, reserved 1048576K
Event: 9.319 GC heap after
Heap after GC invocations=12 (full 2):
 PSYoungGen      total 108544K, used 11753K [0x00000000e0000000, 0x00000000e7780000, 0x0000000100000000)
  eden space 96768K, 0% used [0x00000000e0000000,0x00000000e0000000,0x00000000e5e80000)
  from space 11776K, 99% used [0x00000000e6b80000,0x00000000e76fa5b0,0x00000000e7700000)
  to   space 12800K, 0% used [0x00000000e5e80000,0x00000000e5e80000,0x00000000e6b00000)
 ParOldGen       total 178688K, used 34013K [0x00000000a0000000, 0x00000000aae80000, 0x00000000e0000000)
  object space 178688K, 19% used [0x00000000a0000000,0x00000000a21377f0,0x00000000aae80000)
 Metaspace       used 57202K, capacity 59014K, committed 59096K, reserved 1099776K
  class space    used 7907K, capacity 8403K, committed 8448K, reserved 1048576K
}
Event: 9.319 GC heap before
{Heap before GC invocations=13 (full 3):
 PSYoungGen      total 108544K, used 11753K [0x00000000e0000000, 0x00000000e7780000, 0x0000000100000000)
  eden space 96768K, 0% used [0x00000000e0000000,0x00000000e0000000,0x00000000e5e80000)
  from space 11776K, 99% used [0x00000000e6b80000,0x00000000e76fa5b0,0x00000000e7700000)
  to   space 12800K, 0% used [0x00000000e5e80000,0x00000000e5e80000,0x00000000e6b00000)
 ParOldGen       total 178688K, used 34013K [0x00000000a0000000, 0x00000000aae80000, 0x00000000e0000000)
  object space 178688K, 19% used [0x00000000a0000000,0x00000000a21377f0,0x00000000aae80000)
 Metaspace       used 57202K, capacity 59014K, committed 59096K, reserved 1099776K
  class space    used 7907K, capacity 8403K, committed 8448K, reserved 1048576K
Event: 9.513 GC heap after
Heap after GC invocations=13 (full 3):
 PSYoungGen      total 108544K, used 0K [0x00000000e0000000, 0x00000000e7780000, 0x0000000100000000)
  eden space 96768K, 0% used [0x00000000e0000000,0x00000000e0000000,0x00000000e5e80000)
  from space 11776K, 0% used [0x00000000e6b80000,0x00000000e6b80000,0x00000000e7700000)
  to   space 12800K, 0% used [0x00000000e5e80000,0x00000000e5e80000,0x00000000e6b00000)
 ParOldGen       total 178688K, used 33820K [0x00000000a0000000, 0x00000000aae80000, 0x00000000e0000000)
  object space 178688K, 18% used [0x00000000a0000000,0x00000000a2107178,0x00000000aae80000)
 Metaspace       used 57202K, capacity 59014K, committed 59096K, reserved 1099776K
  class space    used 7907K, capacity 8403K, committed 8448K, reserved 1048576K
}

Deoptimization events (10 events):
Event: 9.182 Thread 0x0000000019b88000 Uncommon trap: reason=unstable_if action=reinterpret pc=0x0000000003b13650 method=sun.nio.cs.UTF_8$Decoder.decodeArrayLoop(Ljava/nio/ByteBuffer;Ljava/nio/CharBuffer;)Ljava/nio/charset/CoderResult; @ 84
Event: 9.521 Thread 0x0000000019b88000 Uncommon trap: reason=bimorphic action=maybe_recompile pc=0x0000000004549c78 method=java.util.Hashtable.get(Ljava/lang/Object;)Ljava/lang/Object; @ 6
Event: 9.521 Thread 0x0000000019b88000 Uncommon trap: reason=bimorphic action=maybe_recompile pc=0x0000000004549c78 method=java.util.Hashtable.get(Ljava/lang/Object;)Ljava/lang/Object; @ 6
Event: 9.522 Thread 0x0000000019b88000 Uncommon trap: reason=bimorphic action=maybe_recompile pc=0x0000000004549c78 method=java.util.Hashtable.get(Ljava/lang/Object;)Ljava/lang/Object; @ 6
Event: 9.523 Thread 0x0000000019b88000 Uncommon trap: reason=bimorphic action=maybe_recompile pc=0x0000000004549c78 method=java.util.Hashtable.get(Ljava/lang/Object;)Ljava/lang/Object; @ 6
Event: 9.621 Thread 0x0000000019b88000 Uncommon trap: reason=unstable_if action=reinterpret pc=0x00000000049568bc method=java.io.WinNTFileSystem.prefixLength(Ljava/lang/String;)I @ 42
Event: 9.621 Thread 0x0000000019b88000 Uncommon trap: reason=unstable_if action=reinterpret pc=0x00000000046e8434 method=java.io.WinNTFileSystem.prefixLength(Ljava/lang/String;)I @ 42
Event: 9.694 Thread 0x0000000019b88000 Uncommon trap: reason=predicate action=maybe_recompile pc=0x0000000004893514 method=java.util.Arrays$ArrayList.indexOf(Ljava/lang/Object;)I @ 42
Event: 9.849 Thread 0x0000000019b88000 Uncommon trap: reason=unstable_if action=reinterpret pc=0x000000000493ee98 method=groovy.lang.MetaClassImpl.filterPropertyMethod(Ljava/lang/Object;ZZ)Ljava/lang/Object; @ 187
Event: 9.853 Thread 0x0000000019b88000 Uncommon trap: reason=unstable_if action=reinterpret pc=0x0000000004001f20 method=org.codehaus.groovy.runtime.metaclass.MetaMethodIndex.addMethodToList(Ljava/lang/Object;Lgroovy/lang/MetaMethod;)Ljava/lang/Object; @ 256

Internal exceptions (10 events):
Event: 9.898 Thread 0x0000000019b88000 Exception <a 'java/lang/ClassNotFoundException': build_46wgjoqbvaj2fzun005sk4t11$_run_closure2BeanInfo> (0x00000000e1ae26f8) thrown at [C:\re\workspace\8-2-build-windows-amd64-cygwin\jdk8u131\8869\hotspot\src\share\vm\classfile\systemDictionary.cpp, line 
Event: 9.899 Thread 0x0000000019b88000 Exception <a 'java/lang/ClassNotFoundException': build_46wgjoqbvaj2fzun005sk4t11$_run_closure2Customizer> (0x00000000e1af3908) thrown at [C:\re\workspace\8-2-build-windows-amd64-cygwin\jdk8u131\8869\hotspot\src\share\vm\classfile\systemDictionary.cpp, lin
Event: 9.903 Thread 0x0000000019b88000 Exception <a 'java/lang/ClassNotFoundException': com/android/build/gradle/internal/dsl/ExternalNativeBuild_DecoratedBeanInfo> (0x00000000e1b64370) thrown at [C:\re\workspace\8-2-build-windows-amd64-cygwin\jdk8u131\8869\hotspot\src\share\vm\classfile\syste
Event: 9.903 Thread 0x0000000019b88000 Exception <a 'java/lang/ClassNotFoundException': com/android/build/gradle/internal/dsl/ExternalNativeBuildBeanInfo> (0x00000000e1b80b80) thrown at [C:\re\workspace\8-2-build-windows-amd64-cygwin\jdk8u131\8869\hotspot\src\share\vm\classfile\systemDictionar
Event: 9.903 Thread 0x0000000019b88000 Exception <a 'java/lang/ClassNotFoundException': com/android/build/gradle/internal/dsl/ExternalNativeBuildCustomizer> (0x00000000e1b9e460) thrown at [C:\re\workspace\8-2-build-windows-amd64-cygwin\jdk8u131\8869\hotspot\src\share\vm\classfile\systemDiction
Event: 9.904 Thread 0x0000000019b88000 Exception <a 'java/lang/ClassNotFoundException': com/android/build/gradle/internal/dsl/ExternalNativeBuild_DecoratedCustomizer> (0x00000000e1bcace0) thrown at [C:\re\workspace\8-2-build-windows-amd64-cygwin\jdk8u131\8869\hotspot\src\share\vm\classfile\sys
Event: 9.905 Thread 0x0000000019b88000 Exception <a 'java/lang/ClassNotFoundException': com/android/build/gradle/internal/dsl/CmakeOptions_DecoratedBeanInfo> (0x00000000e1c1df70) thrown at [C:\re\workspace\8-2-build-windows-amd64-cygwin\jdk8u131\8869\hotspot\src\share\vm\classfile\systemDictio
Event: 9.905 Thread 0x0000000019b88000 Exception <a 'java/lang/ClassNotFoundException': com/android/build/gradle/internal/dsl/CmakeOptionsBeanInfo> (0x00000000e1c39120) thrown at [C:\re\workspace\8-2-build-windows-amd64-cygwin\jdk8u131\8869\hotspot\src\share\vm\classfile\systemDictionary.cpp, 
Event: 9.906 Thread 0x0000000019b88000 Exception <a 'java/lang/ClassNotFoundException': com/android/build/gradle/internal/dsl/CmakeOptionsCustomizer> (0x00000000e1c55398) thrown at [C:\re\workspace\8-2-build-windows-amd64-cygwin\jdk8u131\8869\hotspot\src\share\vm\classfile\systemDictionary.cpp
Event: 9.906 Thread 0x0000000019b88000 Exception <a 'java/lang/ClassNotFoundException': com/android/build/gradle/internal/dsl/CmakeOptions_DecoratedCustomizer> (0x00000000e1c7e9e0) thrown at [C:\re\workspace\8-2-build-windows-amd64-cygwin\jdk8u131\8869\hotspot\src\share\vm\classfile\systemDict

Events (10 events):
Event: 9.906 loading class com/android/build/gradle/internal/dsl/CmakeOptions_DecoratedCustomizer
Event: 9.906 loading class com/android/build/gradle/internal/dsl/CmakeOptions_DecoratedCustomizer done
Event: 9.906 loading class com/android/build/gradle/internal/dsl/CmakeOptions_DecoratedCustomizer
Event: 9.906 loading class com/android/build/gradle/internal/dsl/CmakeOptions_DecoratedCustomizer done
Event: 9.908 loading class groovy/runtime/metaclass/build_46wgjoqbvaj2fzun005sk4t11$_run_closure3MetaClass
Event: 9.908 loading class groovy/runtime/metaclass/build_46wgjoqbvaj2fzun005sk4t11$_run_closure3MetaClass done
Event: 9.910 loading class kotlin/reflect/jvm/internal/pcollections/ConsPStack$Itr
Event: 9.910 loading class kotlin/reflect/jvm/internal/pcollections/ConsPStack$Itr done
Event: 9.927 loading class com/android/build/gradle/FeatureExtension
Event: 9.927 loading class com/android/build/gradle/FeatureExtension done


Dynamic libraries:
0x00007ff740010000 - 0x00007ff740047000 	C:\Program Files\Java\jdk1.8.0_131\bin\java.exe
0x00007ffd76f10000 - 0x00007ffd770eb000 	C:\WINDOWS\SYSTEM32\ntdll.dll
0x00007ffd76970000 - 0x00007ffd76a1e000 	C:\WINDOWS\System32\KERNEL32.DLL
0x00007ffd732e0000 - 0x00007ffd7352a000 	C:\WINDOWS\System32\KERNELBASE.dll
0x00007ffd75b50000 - 0x00007ffd75bf1000 	C:\WINDOWS\System32\ADVAPI32.dll
0x00007ffd761f0000 - 0x00007ffd7628d000 	C:\WINDOWS\System32\msvcrt.dll
0x00007ffd75ce0000 - 0x00007ffd75d39000 	C:\WINDOWS\System32\sechost.dll
0x00007ffd75d40000 - 0x00007ffd75e65000 	C:\WINDOWS\System32\RPCRT4.dll
0x00007ffd763f0000 - 0x00007ffd7653a000 	C:\WINDOWS\System32\USER32.dll
0x00007ffd73870000 - 0x00007ffd7388e000 	C:\WINDOWS\System32\win32u.dll
0x00007ffd76550000 - 0x00007ffd76577000 	C:\WINDOWS\System32\GDI32.dll
0x00007ffd735a0000 - 0x00007ffd73728000 	C:\WINDOWS\System32\gdi32full.dll
0x00007ffd731f0000 - 0x00007ffd7328a000 	C:\WINDOWS\System32\msvcp_win.dll
0x00007ffd738a0000 - 0x00007ffd73996000 	C:\WINDOWS\System32\ucrtbase.dll
0x00007ffd65c50000 - 0x00007ffd65eb7000 	C:\WINDOWS\WinSxS\amd64_microsoft.windows.common-controls_6595b64144ccf1df_6.0.15063.1155_none_40c7922129a7722b\COMCTL32.dll
0x00007ffd75e70000 - 0x00007ffd76169000 	C:\WINDOWS\System32\combase.dll
0x00007ffd73530000 - 0x00007ffd7359a000 	C:\WINDOWS\System32\bcryptPrimitives.dll
0x00007ffd76580000 - 0x00007ffd765ad000 	C:\WINDOWS\System32\IMM32.DLL
0x0000000071590000 - 0x0000000071662000 	C:\Program Files\Java\jdk1.8.0_131\jre\bin\msvcr100.dll
0x0000000070cf0000 - 0x000000007158c000 	C:\Program Files\Java\jdk1.8.0_131\jre\bin\server\jvm.dll
0x00007ffd73790000 - 0x00007ffd737b3000 	C:\WINDOWS\System32\WINMM.dll
0x00007ffd73160000 - 0x00007ffd7318b000 	C:\WINDOWS\System32\WINMMBASE.dll
0x00007ffd73290000 - 0x00007ffd732d9000 	C:\WINDOWS\System32\cfgmgr32.dll
0x00007ffd76540000 - 0x00007ffd76548000 	C:\WINDOWS\System32\PSAPI.DLL
0x00007ffd6e720000 - 0x00007ffd6e729000 	C:\WINDOWS\SYSTEM32\WSOCK32.dll
0x00007ffd75c00000 - 0x00007ffd75c6c000 	C:\WINDOWS\System32\WS2_32.dll
0x00007ffd6eb30000 - 0x00007ffd6eb3a000 	C:\WINDOWS\SYSTEM32\VERSION.dll
0x0000000070ce0000 - 0x0000000070cef000 	C:\Program Files\Java\jdk1.8.0_131\jre\bin\verify.dll
0x0000000070cb0000 - 0x0000000070cd9000 	C:\Program Files\Java\jdk1.8.0_131\jre\bin\java.dll
0x0000000070c90000 - 0x0000000070ca6000 	C:\Program Files\Java\jdk1.8.0_131\jre\bin\zip.dll
0x00007ffd74500000 - 0x00007ffd75938000 	C:\WINDOWS\System32\SHELL32.dll
0x00007ffd76e60000 - 0x00007ffd76f0a000 	C:\WINDOWS\System32\shcore.dll
0x00007ffd739a0000 - 0x00007ffd74091000 	C:\WINDOWS\System32\windows.storage.dll
0x00007ffd76290000 - 0x00007ffd762e1000 	C:\WINDOWS\System32\shlwapi.dll
0x00007ffd731b0000 - 0x00007ffd731c1000 	C:\WINDOWS\System32\kernel.appcore.dll
0x00007ffd74270000 - 0x00007ffd742bc000 	C:\WINDOWS\System32\powrprof.dll
0x00007ffd731d0000 - 0x00007ffd731e5000 	C:\WINDOWS\System32\profapi.dll
0x0000000070c70000 - 0x0000000070c8a000 	C:\Program Files\Java\jdk1.8.0_131\jre\bin\net.dll
0x00007ffd729e0000 - 0x00007ffd72a3c000 	C:\WINDOWS\system32\mswsock.dll
0x0000000070c50000 - 0x0000000070c61000 	C:\Program Files\Java\jdk1.8.0_131\jre\bin\nio.dll
0x00007ffd61d80000 - 0x00007ffd61d9e000 	C:\Users\TY\.gradle\native\25\windows-amd64\native-platform.dll
0x0000000070c40000 - 0x0000000070c4d000 	C:\Program Files\Java\jdk1.8.0_131\jre\bin\management.dll
0x00007ffd72b90000 - 0x00007ffd72ba7000 	C:\WINDOWS\SYSTEM32\CRYPTSP.dll
0x00007ffd725f0000 - 0x00007ffd72624000 	C:\WINDOWS\system32\rsaenh.dll
0x00007ffd73030000 - 0x00007ffd73055000 	C:\WINDOWS\SYSTEM32\bcrypt.dll
0x00007ffd73090000 - 0x00007ffd730b9000 	C:\WINDOWS\SYSTEM32\USERENV.dll
0x00007ffd72b80000 - 0x00007ffd72b8b000 	C:\WINDOWS\SYSTEM32\CRYPTBASE.dll
0x00007ffd72780000 - 0x00007ffd727b7000 	C:\WINDOWS\SYSTEM32\IPHLPAPI.DLL
0x00007ffd75cd0000 - 0x00007ffd75cd8000 	C:\WINDOWS\System32\NSI.dll
0x00007ffd6f0c0000 - 0x00007ffd6f0d6000 	C:\WINDOWS\SYSTEM32\dhcpcsvc6.DLL
0x00007ffd6f130000 - 0x00007ffd6f14a000 	C:\WINDOWS\SYSTEM32\dhcpcsvc.DLL

VM Arguments:
jvm_args: -Xmx1536m -Dfile.encoding=GBK -Duser.country=CN -Duser.language=zh -Duser.variant 
java_command: org.gradle.launcher.daemon.bootstrap.GradleDaemon 4.6
java_class_path (initial): C:\Users\TY\.gradle\wrapper\dists\gradle-4.6-all\bcst21l2brirad8k2ben1letg\gradle-4.6\lib\gradle-launcher-4.6.jar
Launcher Type: SUN_STANDARD

Environment Variables:
JAVA_HOME=C:\Program Files\Java\jdk1.8.0_131
CLASSPATH=.;C:\Program Files\Java\jdk1.8.0_131\lib;C:\Program Files\Java\jdk1.8.0_131\lib\tools.jar;
PATH=C:\Program Files (x86)\NVIDIA Corporation\PhysX\Common;C:\ProgramData\Oracle\Java\javapath;C:\WINDOWS\system32;C:\WINDOWS;C:\WINDOWS\System32\Wbem;C:\WINDOWS\System32\WindowsPowerShell\v1.0\;G:\program\Android\sdk\platform-tools;G:\program\Android\sdk\tools;C:\Program Files\TortoiseSVN\bin;C:\Program Files\Java\jdk1.8.0_131\bin;C:\Program Files\Git\cmd;C:\Users\TY\AppData\Local\Android\sdk\build-tools\26.0.0;C:\Users\TY\AppData\Local\apache-maven-3.5.0\bin;C:\Users\TY\Documents\Visual Studio 2017\Projects\Jni_demo\x64\Debug;G:\program\Android\sdk\ndk-bundle;C:\Program Files\Java\jdk1.8.0_131\jre\bin;C:\Users\TY\.gradle\wrapper\dists\gradle-4.4-all\9br9xq1tocpiv8o6njlyu5op1\gradle-4.4\bin;G:\program\groovy-2.4.15\bin;G:\program\buck\newWatchman;C:\Users\TY\AppData\Local\Programs\Python\Python36;G:\program\Android\sdk\cmake\3.6.4111459\bin;C:\Users\TY\AppData\Local\Microsoft\WindowsApps
USERNAME=TY
OS=Windows_NT
PROCESSOR_IDENTIFIER=Intel64 Family 6 Model 158 Stepping 9, GenuineIntel



---------------  S Y S T E M  ---------------

OS: Windows 10.0 , 64 bit Build 15063 (10.0.15063.1058)

CPU:total 4 (initial active 4) (4 cores per cpu, 1 threads per core) family 6 model 158 stepping 9, cmov, cx8, fxsr, mmx, sse, sse2, sse3, ssse3, sse4.1, sse4.2, popcnt, avx, avx2, aes, clmul, erms, 3dnowpref, lzcnt, tsc, tscinvbit, bmi1, bmi2, adx

Memory: 4k page, physical 16645456k(8004836k free), swap 20839760k(5108k free)

vm_info: Java HotSpot(TM) 64-Bit Server VM (25.131-b11) for windows-amd64 JRE (1.8.0_131-b11), built on Mar 15 2017 01:23:53 by "java_re" with MS VC++ 10.0 (VS2010)

time: Tue Dec 18 14:51:01 2018
elapsed time: 9 seconds (0d 0h 0m 9s)

